<?xml version="1.0" encoding="UTF-8"?>
<testsuite name="com.summer.ServerTest" tests="1" skipped="0" failures="0" errors="0" timestamp="2020-07-14T09:40:23" hostname="whybwhyui-MacBook-Pro.local" time="2.273">
  <properties/>
  <testcase name="single" classname="com.summer.ServerTest" time="2.273"/>
  <system-out><![CDATA[18:40:23,467 |-INFO in ch.qos.logback.classic.LoggerContext[default] - Could NOT find resource [logback-test.xml]
18:40:23,467 |-INFO in ch.qos.logback.classic.LoggerContext[default] - Could NOT find resource [logback.groovy]
18:40:23,467 |-INFO in ch.qos.logback.classic.LoggerContext[default] - Found resource [logback.xml] at [file:/Users/whybwhy/IdeaProjects/git/summer/build/resources/main/logback.xml]
18:40:23,556 |-INFO in ch.qos.logback.classic.joran.action.ConfigurationAction - debug attribute not set
18:40:23,565 |-INFO in ch.qos.logback.classic.joran.action.ConfigurationAction - Will scan for changes in [file:/Users/whybwhy/IdeaProjects/git/summer/build/resources/main/logback.xml] 
18:40:23,565 |-INFO in ch.qos.logback.classic.joran.action.ConfigurationAction - Setting ReconfigureOnChangeTask scanning period to 30 seconds
18:40:23,568 |-INFO in ch.qos.logback.core.joran.action.AppenderAction - About to instantiate appender of type [ch.qos.logback.core.rolling.RollingFileAppender]
18:40:23,574 |-INFO in ch.qos.logback.core.joran.action.AppenderAction - Naming appender as [FILE]
18:40:23,632 |-INFO in c.q.l.core.rolling.TimeBasedRollingPolicy@299299139 - No compression will be used
18:40:23,633 |-INFO in c.q.l.core.rolling.TimeBasedRollingPolicy@299299139 - Will use the pattern ../logs/summer/summer.%d{yyyy-MM-dd}.log for the active file
18:40:23,637 |-INFO in c.q.l.core.rolling.DefaultTimeBasedFileNamingAndTriggeringPolicy - The date pattern is 'yyyy-MM-dd' from file name pattern '../logs/summer/summer.%d{yyyy-MM-dd}.log'.
18:40:23,637 |-INFO in c.q.l.core.rolling.DefaultTimeBasedFileNamingAndTriggeringPolicy - Roll-over at midnight.
18:40:23,640 |-INFO in c.q.l.core.rolling.DefaultTimeBasedFileNamingAndTriggeringPolicy - Setting initial period to Tue Jul 14 18:29:13 KST 2020
18:40:23,642 |-INFO in ch.qos.logback.core.rolling.RollingFileAppender[FILE] - Active log file name: ../logs/summer/summer.log
18:40:23,642 |-INFO in ch.qos.logback.core.rolling.RollingFileAppender[FILE] - File property is set to [../logs/summer/summer.log]
18:40:23,643 |-INFO in ch.qos.logback.core.joran.action.AppenderAction - About to instantiate appender of type [ch.qos.logback.core.ConsoleAppender]
18:40:23,644 |-INFO in ch.qos.logback.core.joran.action.AppenderAction - Naming appender as [STDOUT]
18:40:23,646 |-WARN in ch.qos.logback.core.ConsoleAppender[STDOUT] - This appender no longer admits a layout as a sub-component, set an encoder instead.
18:40:23,646 |-WARN in ch.qos.logback.core.ConsoleAppender[STDOUT] - To ensure compatibility, wrapping your layout in LayoutWrappingEncoder.
18:40:23,646 |-WARN in ch.qos.logback.core.ConsoleAppender[STDOUT] - See also http://logback.qos.ch/codes.html#layoutInsteadOfEncoder for details
18:40:23,646 |-INFO in ch.qos.logback.classic.joran.action.RootLoggerAction - Setting level of ROOT logger to INFO
18:40:23,647 |-INFO in ch.qos.logback.core.joran.action.AppenderRefAction - Attaching appender named [FILE] to Logger[ROOT]
18:40:23,647 |-INFO in ch.qos.logback.core.joran.action.AppenderRefAction - Attaching appender named [STDOUT] to Logger[ROOT]
18:40:23,647 |-INFO in ch.qos.logback.classic.joran.action.ConfigurationAction - End of configuration.
18:40:23,648 |-INFO in ch.qos.logback.classic.joran.JoranConfigurator@1578abdd - Registering current configuration as safe fallback point

[2020-07-14 18:40:25:2402][Test worker] INFO  com.summer.ServerTest::lambda$single$0:51 - @RESPONSE : HTTP/1.1 200 OK
Accept: application/json
User-Agent: local

"2020-07-14 18:40:25"
[2020-07-14 18:40:25:2422][Test worker] INFO  com.summer.ServerTest::lambda$single$0:51 - @RESPONSE : HTTP/1.1 200 OK
Accept: application/json
User-Agent: local

["서울시 지방세","6월 BC 카드 청구서","6월 삼천리 가스요금 청구서","6월 아파트 관리비","6월 학원비"]
[2020-07-14 18:40:25:2457][Test worker] INFO  com.summer.ServerTest::lambda$single$0:51 - @RESPONSE : HTTP/1.1 200 OK
Accept: application/json
User-Agent: local

{"성명":"윤보람","카드소유주":"윤보람","납부타입":"자동이체-카드","세목명":"재산세(주택1기분)","납기일":"2020.07.30","납부금액":"80만원"}
[2020-07-14 18:40:25:2472][Test worker] INFO  com.summer.ServerTest::lambda$single$0:51 - @RESPONSE : HTTP/1.1 200 OK
Accept: application/json
User-Agent: local

{"id":"19485"}
]]></system-out>
  <system-err><![CDATA[SLF4J: Class path contains multiple SLF4J bindings.
SLF4J: Found binding in [jar:file:/Users/whybwhy/.gradle/caches/modules-2/files-2.1/ch.qos.logback/logback-classic/1.2.3/7c4f3c474fb2c041d8028740440937705ebb473a/logback-classic-1.2.3.jar!/org/slf4j/impl/StaticLoggerBinder.class]
SLF4J: Found binding in [jar:file:/Users/whybwhy/.gradle/caches/modules-2/files-2.1/org.slf4j/slf4j-log4j12/1.7.30/c21f55139d8141d2231214fb1feaf50a1edca95e/slf4j-log4j12-1.7.30.jar!/org/slf4j/impl/StaticLoggerBinder.class]
SLF4J: Found binding in [jar:file:/Users/whybwhy/.gradle/caches/modules-2/files-2.1/org.slf4j/slf4j-nop/1.7.30/55d4c73dd343efebd236abfeb367c9ef41d55063/slf4j-nop-1.7.30.jar!/org/slf4j/impl/StaticLoggerBinder.class]
SLF4J: Found binding in [jar:file:/Users/whybwhy/.gradle/caches/modules-2/files-2.1/org.slf4j/slf4j-simple/1.7.30/e606eac955f55ecf1d8edcccba04eb8ac98088dd/slf4j-simple-1.7.30.jar!/org/slf4j/impl/StaticLoggerBinder.class]
SLF4J: See http://www.slf4j.org/codes.html#multiple_bindings for an explanation.
SLF4J: Actual binding is of type [ch.qos.logback.classic.util.ContextSelectorStaticBinder]
]]></system-err>
</testsuite>
